
Raje Singh, Final Project

          ERROR REPORT

RECORD #     RAW DATA                              ERROR MESSAGES

       6     S0002000CA01XA-600005                 INVOICE LETTERS INVALID    SKU CODE EMPTY

       7     S0014999CR01AA-700006247R20EHF02EF8E  INVOICE LETTERS SAME

       9     S0001000CA01EB-900008SDFSKJ84MS09123  INVOICE RANGE INVALID

      14     S0000999CR01EB-1500A3WI8HRW8H43FJSHF  INVOICE FORMAT INVALID

      23     S0001000CA01AA-240108SDFSKJ84MS09123  INVOICE LETTERS SAME

      24     S0012999DB01DZ-250109247R20EHF02EF8E  INVOICE LETTERS INVALID

      30     R0002499CR02EB-310212                 SKU CODE EMPTY

      31     R0002000CA02BB-320015SDFSKJ84MS09123  INVOICE LETTERS SAME

      34     S000100XCW02BA-350001AADFSKJ84MS0913  TRANSACTION AMT INVALID    PAY TYPE INVALID

      44     S0008999CR02BC-0S0030WI8HRW8H43FJSHF  INVOICE FORMAT INVALID

      45     S0001000CA02BB-460031SDFSKJ84MS09123  INVOICE LETTERS SAME

      47     X000099XCR02CA-480033WI8HRW8H43FJSHF  TRANSACTION CODE INVALID   TRANSACTION AMT INVALID

      49     R0012499CR02CD-500122                 SKU CODE EMPTY

      51     X0014999CR02DA-520036247R20EHF02EF8E  TRANSACTION CODE INVALID

      52     S0002999DW02DB-530037WI8HRW8H43FJSH2  PAY TYPE INVALID

      54     R0002499CR02DE-550212                 SKU CODE EMPTY

      57     S0002999DW02EC-580217WI8HRW8H43FJSHF  PAY TYPE INVALID

      59     X0012999DB02AB-600219247R20EHF02EF8E  TRANSACTION CODE INVALID

      63     S0002000CA02ET-640225SDFSKJ84MS09123  INVOICE LETTERS INVALID

      64     S0014999CR02EE-650226247R20EHF02EF8E  INVOICE LETTERS SAME

      72     L0014999DB12CC-730234LFW8H88W84HFW4F  INVOICE LETTERS SAME

      74     R0002999CW02CE-750335SDFSKJ84MS09123  PAY TYPE INVALID

      75     C0014999CR02DA-760336247R20EHF02EF8E  TRANSACTION CODE INVALID

      81     R0002499CR13EC-810402FLW8H4FW8H4FWF4  STORE NUM INVALID

      85     S0001000CA13AD-850408SDFSKJ84MS09123  STORE NUM INVALID

      87     S0008999CR03AA-870410WI8HRW8H43FJSHF  INVOICE LETTERS SAME

      90     S0000999CR03EA-900413WI8HRW8H43FJSHF  INVOICE RANGE INVALID

      91     L0001000CA03GB-910401SDFSKJ84MS09123  INVOICE LETTERS INVALID    INVOICE RANGE INVALID

      92     S0012999DB03CC-920402247R20EHF02EF8E  INVOICE LETTERS SAME       INVOICE RANGE INVALID

      93     S0008999CR03ED-930403WI8HRW8H43FJSHF  INVOICE RANGE INVALID

      94     L0004999DB03AB-940404LFW8H88W84HFW4F  INVOICE RANGE INVALID

      95     R0002499CR03AC-950402FLW8H4FW8H4FWF4  INVOICE RANGE INVALID

      96     S0002000CA04AD-960405SDFSKJ84MS09123  INVOICE RANGE INVALID

      97     S001X999CR17AE-970406247R20EHF02EF8E  TRANSACTION AMT INVALID    STORE NUM INVALID          INVOICE RANGE INVALID

      98     R0002999DB04BA-98S407WI8HRW8H43FJSHF  INVOICE FORMAT INVALID

      99     S0001000CA04CC-99S508SDFSKJ84MS09123  INVOICE FORMAT INVALID     INVOICE LETTERS SAME

     106     R0002499CR04DB-106512                 SKU CODE EMPTY

     110     S007100XCW05EC-110501AADFSKJ84MS0913  TRANSACTION AMT INVALID    PAY TYPE INVALID

     113     L0004999DB05DD-113524LFW8H88W84HFW4F  INVOICE LETTERS SAME

     123     S000099XCR12DC-123633WI8HRW8H43FJSHF  TRANSACTION AMT INVALID

     125     R0012499CX14EE-125722                 PAY TYPE INVALID           STORE NUM INVALID          INVOICE LETTERS SAME       SKU CODE EMPTY

     127     X0014999CR12EB-127636247R20EHF02EF8E  TRANSACTION CODE INVALID

     128     S0002999DW12EA-128637WI8HRW8H43FJSH2  PAY TYPE INVALID

     131     R0002400CA12AD-131S15SDFSKJ84MS09123  INVOICE FORMAT INVALID

     133     S0002999DW01BA-133617WI8HRW8H43FJSHF  PAY TYPE INVALID

     135     W0012999DB03BD-135619247R20EHF02EF8E  TRANSACTION CODE INVALID

     136     S0008999CR04BB-136623WI8HRW8H43FJSHF  INVOICE LETTERS SAME

     143     S0012999DB05DD-143629247R20EHF02EF8E  INVOICE LETTERS SAME

     149     R0000499CR05AC-1496N2F4WO8JFO8W4JFW8  INVOICE FORMAT INVALID

     150     R0002999CW12AD-150635SDFSKJ84MS09123  PAY TYPE INVALID

     151     X0014999CR71AE-151636247R20EHF02EF8E  TRANSACTION CODE INVALID   STORE NUM INVALID

     152     S0002999DB08AB-152637WI8HRW8H43FJSH2  STORE NUM INVALID

NUMBER OF RECORDS READ:        152

NUMBER OF VALID RECORDS:       100
NUMBER OF INVALID RECORDS:      52
