
Raje Singh, Final Project


                    RETURNS REPORT          PAGE  1

TRANS CODE  TRANS AMOUNT  PAY TYPE  STORE #  INVOICE #  SKU CODE         TAX OWED

     R       $   24.99    CR        01       BD-500102  FLW8H4FW8H4FWF4  $    3.25

     R       $   24.99    CR        01       BC-200102  FLW8H4FW8H4FWF4  $    3.25

     R       $   29.99    DB        01       EB-230107  WI8HRW8H43FJSHF  $    3.90

     R       $   89.99    CR        01       EA-260110  WI8HRW8H43FJSHF  $   11.70

     R       $   24.99    CR        02       AE-390102  FLW8H4FW8H4FWF4  $    3.25

     R       $   29.99    CA        02       CE-510035  SDFSKJ84MS09123  $    3.90

     R       $   20.00    CA        02       EA-560215  SDFSKJ84MS09123  $    2.60

     R       $   24.99    CR        02       AE-630202  FLW8H4FW8H4FWF4  $    3.25

     R       $  124.99    CR        02       CD-740322  F4WO8JFO8W4JFW8  $   16.25

     R       $   89.99    CR        04       BE-101510  WI8HRW8H43FJSHF  $   11.70

     R       $   20.00    CA        04       DC-107515  SDFSKJ84MS09123  $    2.60

     R       $   24.99    CR        05       DC-114502  FLW8H4FW8H4FWF4  $    3.25

     R       $   29.99    CA        12       EC-126635  SDFSKJ84MS09123  $    3.90

     R       $   24.99    CR        12       AC-130612  ASEDRFT987KIMYT  $    3.25

     R       $   24.99    CR        12       CB-138602  FLW8H4FW8H4FWF4  $    3.25


TOTAL NUMBER OF RETURN RECORDS FOR STORE 01:        4   AMOUNT: $        169.96
TOTAL NUMBER OF RETURN RECORDS FOR STORE 02:        5   AMOUNT: $        224.96
TOTAL NUMBER OF RETURN RECORDS FOR STORE 03:        0   AMOUNT: $          0.00
TOTAL NUMBER OF RETURN RECORDS FOR STORE 04:        2   AMOUNT: $        109.99
TOTAL NUMBER OF RETURN RECORDS FOR STORE 05:        1   AMOUNT: $         24.99
TOTAL NUMBER OF RETURN RECORDS FOR STORE 12:        3   AMOUNT: $         79.97

TOTAL NUMBER OF RETURN RECORDS:       15   AMOUNT: $         609.87

TOTAL TAX OWED TO US: $          79.30
