
Raje Singh, Final Project

          COUNTS AND CONTROL TOTALS

TOTAL NUMBER OF S&L RECORDS:           85   AMOUNT: $        22838.86

TOTAL NUMBER OF SALE RECORDS:          69   AMOUNT: $        19619.01

TOTAL NUMBER OF LAYAWAY RECORDS:       16   AMOUNT: $        3219.85

TOTAL TRANS AMOUNT FOR STORE 01: $        3299.87
TOTAL TRANS AMOUNT FOR STORE 02: $        5199.77
TOTAL TRANS AMOUNT FOR STORE 03: $        1789.91
TOTAL TRANS AMOUNT FOR STORE 04: $        1489.95
TOTAL TRANS AMOUNT FOR STORE 05: $        1389.42
TOTAL TRANS AMOUNT FOR STORE 12: $        9669.94

% NUM TRANS FOR CA PAY TYPE:   25.88%
% NUM TRANS FOR CR PAY TYPE:   27.06%
% NUM TRANS FOR DB PAY TYPE:   47.06%

TOTAL NUMBER OF RETURN RECORDS FOR STORE 01:        4   AMOUNT: $        169.96
TOTAL NUMBER OF RETURN RECORDS FOR STORE 02:        5   AMOUNT: $        224.96
TOTAL NUMBER OF RETURN RECORDS FOR STORE 03:        0   AMOUNT: $          0.00
TOTAL NUMBER OF RETURN RECORDS FOR STORE 04:        2   AMOUNT: $        109.99
TOTAL NUMBER OF RETURN RECORDS FOR STORE 05:        1   AMOUNT: $         24.99
TOTAL NUMBER OF RETURN RECORDS FOR STORE 12:        3   AMOUNT: $         79.97

TOTAL NUMBER OF RETURN RECORDS:       15   AMOUNT: $         609.87

GRAND TOTAL AMOUNT: $       22228.99
